<?xml version="1.0" encoding="UTF-8"?>
<!-- Generated by org.testng.reporters.JUnitReportReporter -->
<testsuite hostname="ESLLAP-3640" failures="0" tests="1" name="TestRunner" time="13.421" errors="0" timestamp="2024-01-04T13:37:41 IST" skipped="0">
  <testcase classname="TestRunner" name="runScenario" time="13.421"/>
  <system-out/>
</testsuite> <!-- TestRunner -->
